[2025-03-28 09:36:36,200: INFO: common: yaml file: config\config.yaml loaded successfully]
[2025-03-28 09:36:36,256: INFO: common: yaml file: params.yaml loaded successfully]
[2025-03-28 09:36:36,256: INFO: common: created directory at: artifacts]
[2025-03-28 09:36:36,263: INFO: common: created directory at: artifacts/data_ingestion]
[2025-03-28 09:36:36,265: INFO: 586056171: Downloading data from https://drive.google.com/file/d/1z0mreUtRmR-P-magILsDR3T7M6IkGXtY/view?usp=sharing into file artifacts/data_ingestion/data.zip]
[2025-03-28 09:36:56,282: INFO: 586056171: Downloaded data from https://drive.google.com/file/d/1z0mreUtRmR-P-magILsDR3T7M6IkGXtY/view?usp=sharing into file artifacts/data_ingestion/data.zip]
[2025-03-28 09:50:37,392: INFO: common: yaml file: config\config.yaml loaded successfully]
[2025-03-28 09:50:37,397: INFO: common: yaml file: params.yaml loaded successfully]
[2025-03-28 09:50:37,400: INFO: common: created directory at: artifacts]
[2025-03-28 09:50:37,400: INFO: common: created directory at: artifacts/prepare_base_model]
[2025-03-28 09:50:38,580: WARNING: saving_utils: Compiled the loaded model, but the compiled metrics have yet to be built. `model.compile_metrics` will be empty until you train or evaluate the model.]
[2025-03-28 09:52:43,210: INFO: common: yaml file: config\config.yaml loaded successfully]
[2025-03-28 09:52:43,216: INFO: common: yaml file: params.yaml loaded successfully]
[2025-03-28 09:52:43,219: INFO: common: created directory at: artifacts]
[2025-03-28 09:52:43,222: INFO: common: created directory at: artifacts\training]
[2025-03-28 09:59:30,702: INFO: common: yaml file: config\config.yaml loaded successfully]
[2025-03-28 09:59:30,709: INFO: common: yaml file: params.yaml loaded successfully]
[2025-03-28 09:59:30,711: INFO: common: created directory at: artifacts]
[2025-03-28 09:59:45,962: INFO: common: json file saved at: scores.json]
[2025-03-28 10:17:01,811: INFO: stage_01_data_ingestion: >>>>>> stage Data Ingestion stage started <<<<<<]
[2025-03-28 10:17:01,813: INFO: common: yaml file: config\config.yaml loaded successfully]
[2025-03-28 10:17:01,817: INFO: common: yaml file: params.yaml loaded successfully]
[2025-03-28 10:17:01,819: INFO: common: created directory at: artifacts]
[2025-03-28 10:17:01,819: INFO: common: created directory at: artifacts/data_ingestion]
[2025-03-28 10:17:01,819: INFO: data_ingestion: Downloading data from https://drive.google.com/file/d/1z0mreUtRmR-P-magILsDR3T7M6IkGXtY/view?usp=sharing into file artifacts/data_ingestion/data.zip]
[2025-03-28 10:17:20,986: INFO: data_ingestion: Downloaded data from https://drive.google.com/file/d/1z0mreUtRmR-P-magILsDR3T7M6IkGXtY/view?usp=sharing into file artifacts/data_ingestion/data.zip]
[2025-03-28 10:17:22,076: INFO: stage_01_data_ingestion: >>>>>> stage Data Ingestion stage completed <<<<<<

x==========x]
[2025-03-28 10:17:58,760: INFO: main: >>>>>> stage Data Ingestion stage started <<<<<<]
[2025-03-28 10:17:58,765: INFO: common: yaml file: config\config.yaml loaded successfully]
[2025-03-28 10:17:58,768: INFO: common: yaml file: params.yaml loaded successfully]
[2025-03-28 10:17:58,768: INFO: common: created directory at: artifacts]
[2025-03-28 10:17:58,772: INFO: common: created directory at: artifacts/data_ingestion]
[2025-03-28 10:17:58,772: INFO: data_ingestion: Downloading data from https://drive.google.com/file/d/1z0mreUtRmR-P-magILsDR3T7M6IkGXtY/view?usp=sharing into file artifacts/data_ingestion/data.zip]
[2025-03-28 10:18:17,942: INFO: data_ingestion: Downloaded data from https://drive.google.com/file/d/1z0mreUtRmR-P-magILsDR3T7M6IkGXtY/view?usp=sharing into file artifacts/data_ingestion/data.zip]
[2025-03-28 10:18:18,939: INFO: main: >>>>>> stage Data Ingestion stage completed <<<<<<

x==========x]
[2025-03-28 10:18:18,939: INFO: main: *******************]
[2025-03-28 10:18:18,939: INFO: main: >>>>>> stage Prepare base model started <<<<<<]
[2025-03-28 10:18:18,944: INFO: common: yaml file: config\config.yaml loaded successfully]
[2025-03-28 10:18:18,948: INFO: common: yaml file: params.yaml loaded successfully]
[2025-03-28 10:18:18,949: INFO: common: created directory at: artifacts]
[2025-03-28 10:18:18,951: INFO: common: created directory at: artifacts/prepare_base_model]
[2025-03-28 10:18:20,008: WARNING: saving_utils: Compiled the loaded model, but the compiled metrics have yet to be built. `model.compile_metrics` will be empty until you train or evaluate the model.]
[2025-03-28 10:18:20,516: INFO: main: >>>>>> stage Prepare base model completed <<<<<<

x==========x]
[2025-03-28 10:18:20,516: INFO: main: *******************]
[2025-03-28 10:18:20,516: INFO: main: >>>>>> stage Training started <<<<<<]
[2025-03-28 10:18:20,522: INFO: common: yaml file: config\config.yaml loaded successfully]
[2025-03-28 10:18:20,527: INFO: common: yaml file: params.yaml loaded successfully]
[2025-03-28 10:18:20,527: INFO: common: created directory at: artifacts]
[2025-03-28 10:18:20,527: INFO: common: created directory at: artifacts\training]
[2025-03-28 10:22:25,635: INFO: main: >>>>>> stage Training completed <<<<<<

x==========x]
[2025-03-28 10:22:25,635: INFO: main: *******************]
[2025-03-28 10:22:25,635: INFO: main: >>>>>> stage Evaluation stage started <<<<<<]
[2025-03-28 10:22:25,638: INFO: common: yaml file: config\config.yaml loaded successfully]
[2025-03-28 10:22:25,639: INFO: common: yaml file: params.yaml loaded successfully]
[2025-03-28 10:22:25,640: INFO: common: created directory at: artifacts]
[2025-03-28 10:22:36,821: INFO: common: json file saved at: scores.json]
[2025-03-28 10:22:36,824: INFO: common: json file saved at: scores.json]
[2025-03-28 10:22:36,835: INFO: main: >>>>>> stage Evaluation stage completed <<<<<<

x==========x]
[2025-03-28 10:25:18,402: INFO: stage_01_data_ingestion: >>>>>> stage Data Ingestion stage started <<<<<<]
[2025-03-28 10:25:18,402: INFO: common: yaml file: config\config.yaml loaded successfully]
[2025-03-28 10:25:18,402: INFO: common: yaml file: params.yaml loaded successfully]
[2025-03-28 10:25:18,402: INFO: common: created directory at: artifacts]
[2025-03-28 10:25:18,408: INFO: common: created directory at: artifacts/data_ingestion]
[2025-03-28 10:25:18,408: INFO: data_ingestion: Downloading data from https://drive.google.com/file/d/1z0mreUtRmR-P-magILsDR3T7M6IkGXtY/view?usp=sharing into file artifacts/data_ingestion/data.zip]
[2025-03-28 10:25:36,793: INFO: data_ingestion: Downloaded data from https://drive.google.com/file/d/1z0mreUtRmR-P-magILsDR3T7M6IkGXtY/view?usp=sharing into file artifacts/data_ingestion/data.zip]
[2025-03-28 10:25:37,361: INFO: stage_01_data_ingestion: >>>>>> stage Data Ingestion stage completed <<<<<<

x==========x]
[2025-03-28 10:26:22,435: INFO: stage_01_data_ingestion: >>>>>> stage Data Ingestion stage started <<<<<<]
[2025-03-28 10:26:22,443: INFO: common: yaml file: config\config.yaml loaded successfully]
[2025-03-28 10:26:22,443: INFO: common: yaml file: params.yaml loaded successfully]
[2025-03-28 10:26:22,443: INFO: common: created directory at: artifacts]
[2025-03-28 10:26:22,443: INFO: common: created directory at: artifacts/data_ingestion]
[2025-03-28 10:26:22,443: INFO: data_ingestion: Downloading data from https://drive.google.com/file/d/1z0mreUtRmR-P-magILsDR3T7M6IkGXtY/view?usp=sharing into file artifacts/data_ingestion/data.zip]
[2025-03-28 10:26:40,397: INFO: data_ingestion: Downloaded data from https://drive.google.com/file/d/1z0mreUtRmR-P-magILsDR3T7M6IkGXtY/view?usp=sharing into file artifacts/data_ingestion/data.zip]
[2025-03-28 10:26:40,972: INFO: stage_01_data_ingestion: >>>>>> stage Data Ingestion stage completed <<<<<<

x==========x]
[2025-03-28 10:26:52,235: INFO: stage_02_prepare_base_model: *******************]
[2025-03-28 10:26:52,235: INFO: stage_02_prepare_base_model: >>>>>> stage Prepare base model started <<<<<<]
[2025-03-28 10:26:52,249: INFO: common: yaml file: config\config.yaml loaded successfully]
[2025-03-28 10:26:52,251: INFO: common: yaml file: params.yaml loaded successfully]
[2025-03-28 10:26:52,252: INFO: common: created directory at: artifacts]
[2025-03-28 10:26:52,252: INFO: common: created directory at: artifacts/prepare_base_model]
[2025-03-28 10:26:52,831: WARNING: saving_utils: Compiled the loaded model, but the compiled metrics have yet to be built. `model.compile_metrics` will be empty until you train or evaluate the model.]
[2025-03-28 10:26:53,113: INFO: stage_02_prepare_base_model: >>>>>> stage Prepare base model completed <<<<<<

x==========x]
[2025-03-28 10:27:00,279: INFO: stage_03_model_trainer: *******************]
[2025-03-28 10:27:00,279: INFO: stage_03_model_trainer: >>>>>> stage Training started <<<<<<]
[2025-03-28 10:27:00,279: INFO: common: yaml file: config\config.yaml loaded successfully]
[2025-03-28 10:27:00,279: INFO: common: yaml file: params.yaml loaded successfully]
[2025-03-28 10:27:00,295: INFO: common: created directory at: artifacts]
[2025-03-28 10:27:00,295: INFO: common: created directory at: artifacts\training]
[2025-03-28 10:31:16,926: INFO: stage_03_model_trainer: >>>>>> stage Training completed <<<<<<

x==========x]
[2025-03-28 10:31:25,563: INFO: stage_04_model_evaluation: *******************]
[2025-03-28 10:31:25,563: INFO: stage_04_model_evaluation: >>>>>> stage Evaluation stage started <<<<<<]
[2025-03-28 10:31:25,563: INFO: common: yaml file: config\config.yaml loaded successfully]
[2025-03-28 10:31:25,563: INFO: common: yaml file: params.yaml loaded successfully]
[2025-03-28 10:31:25,563: INFO: common: created directory at: artifacts]
[2025-03-28 10:31:36,067: INFO: common: json file saved at: scores.json]
[2025-03-28 10:31:36,068: INFO: common: json file saved at: scores.json]
[2025-03-28 10:31:36,068: INFO: stage_04_model_evaluation: >>>>>> stage Evaluation stage completed <<<<<<

x==========x]
